<?xml version="1.0" encoding="UTF-8"?>
<!-- Generated by org.testng.reporters.JUnitReportReporter -->
<testsuite skipped="0" hostname="AaRav" name="testNG.Annotations_Sample" tests="1" failures="0" timestamp="10 Aug 2019 01:56:12 GMT" time="0.007" errors="0">
  <testcase name="f" time="0.007" classname="testNG.Annotations_Sample"/>
</testsuite> <!-- testNG.Annotations_Sample -->
