<?xml version="1.0" encoding="UTF-8"?>
<!-- Generated by org.testng.reporters.JUnitReportReporter -->
<testsuite skipped="0" hostname="AaRav" name="practice_test1.TestNG_Prac" tests="1" failures="0" timestamp="17 Aug 2019 03:28:05 GMT" time="0.009" errors="0">
  <testcase name="f" time="0.009" classname="practice_test1.TestNG_Prac"/>
</testsuite> <!-- practice_test1.TestNG_Prac -->
