<?xml version="1.0" encoding="UTF-8"?>
<!-- Generated by org.testng.reporters.JUnitReportReporter -->
<testsuite skipped="0" hostname="AaRav" name="testNG.Priority_Sample" tests="3" failures="0" timestamp="10 Aug 2019 01:56:12 GMT" time="0.004" errors="0">
  <testcase name="test" time="0.002" classname="testNG.Priority_Sample"/>
  <testcase name="f" time="0.001" classname="testNG.Priority_Sample"/>
  <testcase name="a" time="0.001" classname="testNG.Priority_Sample"/>
</testsuite> <!-- testNG.Priority_Sample -->
