<?xml version="1.0" encoding="UTF-8"?>
<!-- Generated by org.testng.reporters.JUnitReportReporter -->
<testsuite skipped="0" hostname="AaRav" name="testNG.CrossBrowserTesting" tests="3" failures="0" timestamp="11 Aug 2019 01:47:20 GMT" time="19.302" errors="0">
  <testcase name="f" time="5.600" classname="testNG.CrossBrowserTesting"/>
  <testcase name="f" time="9.118" classname="testNG.CrossBrowserTesting"/>
  <testcase name="f" time="4.584" classname="testNG.CrossBrowserTesting"/>
</testsuite> <!-- testNG.CrossBrowserTesting -->
