<?xml version="1.0" encoding="UTF-8"?>
<!-- Generated by org.testng.reporters.JUnitReportReporter -->
<testsuite skipped="0" hostname="AaRav" name="testNG.DataProviderSample" tests="2" failures="0" timestamp="10 Aug 2019 01:56:12 GMT" time="0.007" errors="0">
  <testcase name="f" time="0.004" classname="testNG.DataProviderSample"/>
  <testcase name="f" time="0.003" classname="testNG.DataProviderSample"/>
</testsuite> <!-- testNG.DataProviderSample -->
