<?xml version="1.0" encoding="UTF-8"?>
<!-- Generated by org.testng.reporters.JUnitReportReporter -->
<testsuite skipped="0" hostname="AaRav" name="testNG.SecondProgram" tests="3" failures="0" timestamp="10 Aug 2019 01:56:12 GMT" time="0.006" errors="0">
  <testcase name="test" time="0.001" classname="testNG.SecondProgram"/>
  <testcase name="f" time="0.003" classname="testNG.SecondProgram"/>
  <testcase name="a" time="0.002" classname="testNG.SecondProgram"/>
</testsuite> <!-- testNG.SecondProgram -->
