<?xml version="1.0" encoding="UTF-8"?>
<!-- Generated by org.testng.reporters.JUnitReportReporter -->
<testsuite skipped="0" hostname="AaRav" name="testNG.FB_DataProvider" tests="2" failures="0" timestamp="10 Aug 2019 01:56:12 GMT" time="22.856" errors="0">
  <testcase name="f" time="14.202" classname="testNG.FB_DataProvider"/>
  <testcase name="f" time="8.654" classname="testNG.FB_DataProvider"/>
</testsuite> <!-- testNG.FB_DataProvider -->
